<?xml version="1.0" encoding="UTF-8"?>
<!-- Generated by org.testng.reporters.JUnitReportReporter -->
<testsuite hostname="LTIN273733" failures="0" tests="5" name="testCases.cabBooking" time="19.283" errors="0" timestamp="2024-03-01T10:18:39 IST" skipped="0">
  <testcase classname="testCases.cabBooking" name="test_user_clicks_on_cab" time="0.586"/>
  <testcase classname="testCases.cabBooking" name="test_user_enters_from_and_to_locations" time="7.667"/>
  <testcase classname="testCases.cabBooking" name="user_enters_date_and_time_and_click_on_search" time="10.668"/>
  <testcase classname="testCases.cabBooking" name="user_selects_car_type_as_suv" time="0.289"/>
  <testcase classname="testCases.cabBooking" name="user_prints_the_lowest_car_price" time="0.073"/>
</testsuite> <!-- testCases.cabBooking -->
