<?xml version="1.0" encoding="UTF-8"?>
<!-- Generated by org.testng.reporters.JUnitReportReporter -->
<testsuite hostname="LTIN273733" failures="0" tests="5" name="testCases.Gift_Card" time="13.884" errors="0" timestamp="2024-03-05T20:06:38 IST" skipped="0">
  <testcase classname="testCases.Gift_Card" name="test_user_clicks_on_more_tab_and_selects_giftcard_option" time="9.805"/>
  <testcase classname="testCases.Gift_Card" name="test_user_selects_wedding_gift_card_and_selects_email_option" time="2.158"/>
  <testcase classname="testCases.Gift_Card" name="test_scrolll_to_that_field_and_enter_invalid_email" time="1.160"/>
  <testcase classname="testCases.Gift_Card" name="test_click_on_buy_now_and_capture_the_error_message" time="0.757"/>
  <testcase classname="testCases.Gift_Card" name="test_user_prints_the_error_message" time="0.004"/>
</testsuite> <!-- testCases.Gift_Card -->
