<?xml version="1.0" encoding="UTF-8"?>
<!-- Generated by org.testng.reporters.JUnitReportReporter -->
<testsuite hostname="LTIN273733" failures="0" tests="5" name="testCases.cabBooking" time="27.140" errors="0" timestamp="2024-03-10T16:41:44 IST" skipped="0">
  <testcase classname="testCases.cabBooking" name="test_user_clicks_on_cab" time="12.415">
    <system-out>
      <![CDATA[Pop Up Displayed and closed successfully.]]>
    </system-out>
  </testcase> <!-- test_user_clicks_on_cab -->
  <testcase classname="testCases.cabBooking" name="test_user_enters_from_and_to_locations" time="6.350"/>
  <testcase classname="testCases.cabBooking" name="user_enters_date_and_time_and_click_on_search" time="7.550"/>
  <testcase classname="testCases.cabBooking" name="user_selects_car_type_as_suv" time="0.648"/>
  <testcase classname="testCases.cabBooking" name="user_prints_the_lowest_car_price" time="0.177">
    <system-out>
      <![CDATA[The Lowest Price of vehicle is : ₹ 10,012]]>
    </system-out>
  </testcase> <!-- user_prints_the_lowest_car_price -->
  <system-out>
    <![CDATA[Pop Up Displayed and closed successfully.
The Lowest Price of vehicle is : ₹ 10,012
The Error message is : Please enter a valid Email id.
01
02
03
04
05
06
07
08
09
10
11
12
13
14
15
16
17
18
19
20
21
22
23
24
25
26
27
28
29
30
31
32
33
34
35
36
37
38
39
40]]>
  </system-out>
</testsuite> <!-- testCases.cabBooking -->
