<?xml version="1.0" encoding="UTF-8"?>
<!-- Generated by org.testng.reporters.JUnitReportReporter -->
<testsuite hostname="LTIN273733" failures="0" tests="3" name="testCases.Hotel_Section" time="18.945" errors="0" timestamp="2024-03-05T20:06:37 IST" skipped="0">
  <testcase classname="testCases.Hotel_Section" name="test_user_clicks_on_hotels_tab" time="0.843"/>
  <testcase classname="testCases.Hotel_Section" name="test_user_clicks_on_guest_button_and_then_on_adults" time="2.683"/>
  <testcase classname="testCases.Hotel_Section" name="get_the_list_of_number_of_adults_and_print_it" time="15.419"/>
</testsuite> <!-- testCases.Hotel_Section -->
