<?xml version="1.0" encoding="UTF-8"?>
<!-- Generated by org.testng.reporters.JUnitReportReporter -->
<testsuite hostname="LTIN273733" failures="0" tests="5" name="testCases.cabBooking" time="43.729" errors="0" timestamp="2024-03-06T16:00:57 IST" skipped="0">
  <testcase classname="testCases.cabBooking" name="test_user_clicks_on_cab" time="22.786"/>
  <testcase classname="testCases.cabBooking" name="test_user_enters_from_and_to_locations" time="7.551"/>
  <testcase classname="testCases.cabBooking" name="user_enters_date_and_time_and_click_on_search" time="12.514"/>
  <testcase classname="testCases.cabBooking" name="user_selects_car_type_as_suv" time="0.612"/>
  <testcase classname="testCases.cabBooking" name="user_prints_the_lowest_car_price" time="0.266"/>
</testsuite> <!-- testCases.cabBooking -->
