<?xml version="1.0" encoding="UTF-8"?>
<!-- Generated by org.testng.reporters.JUnitReportReporter -->
<testsuite hostname="LTIN273733" failures="0" tests="6" name="testCases.Hotel_Section" time="54.662" errors="0" timestamp="2024-03-06T14:59:30 IST" skipped="0">
  <testcase classname="testCases.Hotel_Section" name="test_user_clicks_on_hotels_tab" time="1.122"/>
  <testcase classname="testCases.Hotel_Section" name="test_user_clicks_on_hotels_tab" time="6.452"/>
  <testcase classname="testCases.Hotel_Section" name="test_user_clicks_on_guest_button_and_then_on_adults" time="2.140"/>
  <testcase classname="testCases.Hotel_Section" name="test_user_clicks_on_guest_button_and_then_on_adults" time="5.971"/>
  <testcase classname="testCases.Hotel_Section" name="get_the_list_of_number_of_adults_and_print_it" time="24.426"/>
  <testcase classname="testCases.Hotel_Section" name="get_the_list_of_number_of_adults_and_print_it" time="14.551"/>
</testsuite> <!-- testCases.Hotel_Section -->
