<?xml version="1.0" encoding="UTF-8"?>
<!-- Generated by org.testng.reporters.JUnitReportReporter -->
<testsuite hostname="LTIN273733" failures="0" tests="10" name="testCases.cabBooking" time="80.594" errors="0" timestamp="2024-03-06T14:59:30 IST" skipped="0">
  <testcase classname="testCases.cabBooking" name="test_user_clicks_on_cab" time="12.914"/>
  <testcase classname="testCases.cabBooking" name="test_user_clicks_on_cab" time="20.670"/>
  <testcase classname="testCases.cabBooking" name="test_user_enters_from_and_to_locations" time="7.859"/>
  <testcase classname="testCases.cabBooking" name="test_user_enters_from_and_to_locations" time="6.558"/>
  <testcase classname="testCases.cabBooking" name="user_enters_date_and_time_and_click_on_search" time="10.712"/>
  <testcase classname="testCases.cabBooking" name="user_enters_date_and_time_and_click_on_search" time="15.614"/>
  <testcase classname="testCases.cabBooking" name="user_selects_car_type_as_suv" time="5.247"/>
  <testcase classname="testCases.cabBooking" name="user_selects_car_type_as_suv" time="0.720"/>
  <testcase classname="testCases.cabBooking" name="user_prints_the_lowest_car_price" time="0.138"/>
  <testcase classname="testCases.cabBooking" name="user_prints_the_lowest_car_price" time="0.162"/>
</testsuite> <!-- testCases.cabBooking -->
