<?xml version="1.0" encoding="UTF-8"?>
<!-- Generated by org.testng.reporters.JUnitReportReporter -->
<testsuite hostname="LTIN273733" failures="0" tests="5" name="testCases.Gift_Card" time="17.172" errors="0" timestamp="2024-03-06T16:00:57 IST" skipped="0">
  <testcase classname="testCases.Gift_Card" name="test_user_clicks_on_more_tab_and_selects_giftcard_option" time="7.356"/>
  <testcase classname="testCases.Gift_Card" name="test_user_selects_wedding_gift_card_and_selects_email_option" time="3.022"/>
  <testcase classname="testCases.Gift_Card" name="test_scrolll_to_that_field_and_enter_invalid_email" time="3.206"/>
  <testcase classname="testCases.Gift_Card" name="test_click_on_buy_now_and_capture_the_error_message" time="3.585"/>
  <testcase classname="testCases.Gift_Card" name="test_user_prints_the_error_message" time="0.003"/>
</testsuite> <!-- testCases.Gift_Card -->
